c:\users\administrator\desktop\3drender\final project\hw6\debug\cs580hw5.bsc
c:\users\administrator\desktop\3drender\final project\hw6\debug\cs580hw5.pch
c:\users\administrator\desktop\3drender\final project\hw6\debug\stdafx.sbr
c:\users\administrator\desktop\3drender\final project\hw6\debug\stdafx.obj
c:\users\administrator\desktop\3drender\final project\hw6\debug\vc100.pdb
c:\users\administrator\desktop\3drender\final project\hw6\debug\translatedlg.sbr
c:\users\administrator\desktop\3drender\final project\hw6\debug\tex_fun.sbr
c:\users\administrator\desktop\3drender\final project\hw6\debug\scaledlg.sbr
c:\users\administrator\desktop\3drender\final project\hw6\debug\rotatedlg.sbr
c:\users\administrator\desktop\3drender\final project\hw6\debug\rend.sbr
c:\users\administrator\desktop\3drender\final project\hw6\debug\mainfrm.sbr
c:\users\administrator\desktop\3drender\final project\hw6\debug\disp.sbr
c:\users\administrator\desktop\3drender\final project\hw6\debug\cs580hwview.sbr
c:\users\administrator\desktop\3drender\final project\hw6\debug\cs580hwdoc.sbr
c:\users\administrator\desktop\3drender\final project\hw6\debug\cs580hw.sbr
c:\users\administrator\desktop\3drender\final project\hw6\debug\application5.sbr
c:\users\administrator\desktop\3drender\final project\hw6\debug\application.sbr
c:\users\administrator\desktop\3drender\final project\hw6\debug\application.obj
c:\users\administrator\desktop\3drender\final project\hw6\debug\application5.obj
c:\users\administrator\desktop\3drender\final project\hw6\debug\cs580hw.obj
c:\users\administrator\desktop\3drender\final project\hw6\debug\cs580hwdoc.obj
c:\users\administrator\desktop\3drender\final project\hw6\debug\cs580hwview.obj
c:\users\administrator\desktop\3drender\final project\hw6\debug\disp.obj
c:\users\administrator\desktop\3drender\final project\hw6\debug\mainfrm.obj
c:\users\administrator\desktop\3drender\final project\hw6\debug\rend.obj
c:\users\administrator\desktop\3drender\final project\hw6\debug\rotatedlg.obj
c:\users\administrator\desktop\3drender\final project\hw6\debug\scaledlg.obj
c:\users\administrator\desktop\3drender\final project\hw6\debug\tex_fun.obj
c:\users\administrator\desktop\3drender\final project\hw6\debug\translatedlg.obj
c:\users\administrator\desktop\3drender\final project\hw6\debug\objparser.sbr
c:\users\administrator\desktop\3drender\final project\hw6\debug\objparser.obj
c:\users\administrator\desktop\3drender\final project\hw6\debug\position3.sbr
c:\users\administrator\desktop\3drender\final project\hw6\debug\position3.obj
c:\users\administrator\desktop\3drender\final project\hw6\debug\cs580hw5.ilk
c:\users\administrator\desktop\3drender\final project\hw6\debug\cs580hw5.exe
c:\users\administrator\desktop\3drender\final project\hw6\debug\cs580hw5.exe.intermediate.manifest
c:\users\administrator\desktop\3drender\final project\hw6\debug\cs580hw5.pdb
c:\users\administrator\desktop\3drender\final project\hw6\debug\cs580hw5.exe.embed.manifest
c:\users\administrator\desktop\3drender\final project\hw6\debug\cs580hw.res
c:\users\administrator\desktop\3drender\final project\hw6\debug\cs580hw5.exe.embed.manifest.res
c:\users\henry\team3drocks\hw6\debug\cs580hw5.pch
c:\users\henry\team3drocks\hw6\debug\vc120.pdb
c:\users\henry\team3drocks\hw6\debug\vc120.idb
c:\users\henry\team3drocks\hw6\debug\stdafx.sbr
c:\users\henry\team3drocks\hw6\debug\stdafx.obj
c:\users\henry\team3drocks\hw6\debug\translatedlg.sbr
c:\users\henry\team3drocks\hw6\debug\tex_fun.sbr
c:\users\henry\team3drocks\hw6\debug\scaledlg.sbr
c:\users\henry\team3drocks\hw6\debug\rotatedlg.sbr
c:\users\henry\team3drocks\hw6\debug\rend.sbr
c:\users\henry\team3drocks\hw6\debug\position3.sbr
c:\users\henry\team3drocks\hw6\debug\objparser.sbr
c:\users\henry\team3drocks\hw6\debug\mainfrm.sbr
c:\users\henry\team3drocks\hw6\debug\disp.sbr
c:\users\henry\team3drocks\hw6\debug\cs580hwview.sbr
c:\users\henry\team3drocks\hw6\debug\cs580hwdoc.sbr
c:\users\henry\team3drocks\hw6\debug\cs580hw.sbr
c:\users\henry\team3drocks\hw6\debug\application5.sbr
c:\users\henry\team3drocks\hw6\debug\application.sbr
c:\users\henry\team3drocks\hw6\debug\application.obj
c:\users\henry\team3drocks\hw6\debug\application5.obj
c:\users\henry\team3drocks\hw6\debug\cs580hw.obj
c:\users\henry\team3drocks\hw6\debug\cs580hwdoc.obj
c:\users\henry\team3drocks\hw6\debug\cs580hwview.obj
c:\users\henry\team3drocks\hw6\debug\disp.obj
c:\users\henry\team3drocks\hw6\debug\mainfrm.obj
c:\users\henry\team3drocks\hw6\debug\objparser.obj
c:\users\henry\team3drocks\hw6\debug\position3.obj
c:\users\henry\team3drocks\hw6\debug\rend.obj
c:\users\henry\team3drocks\hw6\debug\rotatedlg.obj
c:\users\henry\team3drocks\hw6\debug\scaledlg.obj
c:\users\henry\team3drocks\hw6\debug\tex_fun.obj
c:\users\henry\team3drocks\hw6\debug\translatedlg.obj
c:\users\henry\team3drocks\hw6\debug\cs580hw.res
c:\users\henry\team3drocks\hw6\debug\cs580hw5.vcxprojresolveassemblyreference.cache
c:\users\henry\team3drocks\hw6\debug\bscmake.command.1.tlog
c:\users\henry\team3drocks\hw6\debug\bscmake.read.1.tlog
c:\users\henry\team3drocks\hw6\debug\bscmake.write.1.tlog
c:\users\henry\team3drocks\hw6\debug\cl.command.1.tlog
c:\users\henry\team3drocks\hw6\debug\cl.read.1.tlog
c:\users\henry\team3drocks\hw6\debug\cl.write.1.tlog
c:\users\henry\team3drocks\hw6\debug\cs580hw5.write.1.tlog
c:\users\henry\team3drocks\hw6\debug\link-cvtres.read.1.tlog
c:\users\henry\team3drocks\hw6\debug\link-cvtres.write.1.tlog
c:\users\henry\team3drocks\hw6\debug\link.1340-cvtres.read.1.tlog
c:\users\henry\team3drocks\hw6\debug\link.1340-cvtres.write.1.tlog
c:\users\henry\team3drocks\hw6\debug\link.1340.read.1.tlog
c:\users\henry\team3drocks\hw6\debug\link.1340.write.1.tlog
c:\users\henry\team3drocks\hw6\debug\link.1892-cvtres.read.1.tlog
c:\users\henry\team3drocks\hw6\debug\link.1892-cvtres.write.1.tlog
c:\users\henry\team3drocks\hw6\debug\link.1892.read.1.tlog
c:\users\henry\team3drocks\hw6\debug\link.1892.write.1.tlog
c:\users\henry\team3drocks\hw6\debug\link.2300-cvtres.read.1.tlog
c:\users\henry\team3drocks\hw6\debug\link.2300-cvtres.write.1.tlog
c:\users\henry\team3drocks\hw6\debug\link.2300.read.1.tlog
c:\users\henry\team3drocks\hw6\debug\link.2300.write.1.tlog
c:\users\henry\team3drocks\hw6\debug\link.3456-cvtres.read.1.tlog
c:\users\henry\team3drocks\hw6\debug\link.3456-cvtres.write.1.tlog
c:\users\henry\team3drocks\hw6\debug\link.3456.read.1.tlog
c:\users\henry\team3drocks\hw6\debug\link.3456.write.1.tlog
c:\users\henry\team3drocks\hw6\debug\link.3500-cvtres.read.1.tlog
c:\users\henry\team3drocks\hw6\debug\link.3500-cvtres.write.1.tlog
c:\users\henry\team3drocks\hw6\debug\link.3500.read.1.tlog
c:\users\henry\team3drocks\hw6\debug\link.3500.write.1.tlog
c:\users\henry\team3drocks\hw6\debug\link.3520-cvtres.read.1.tlog
c:\users\henry\team3drocks\hw6\debug\link.3520-cvtres.write.1.tlog
c:\users\henry\team3drocks\hw6\debug\link.3520.read.1.tlog
c:\users\henry\team3drocks\hw6\debug\link.3520.write.1.tlog
c:\users\henry\team3drocks\hw6\debug\link.3604-cvtres.read.1.tlog
c:\users\henry\team3drocks\hw6\debug\link.3604-cvtres.write.1.tlog
c:\users\henry\team3drocks\hw6\debug\link.3604.read.1.tlog
c:\users\henry\team3drocks\hw6\debug\link.3604.write.1.tlog
c:\users\henry\team3drocks\hw6\debug\link.3912-cvtres.read.1.tlog
c:\users\henry\team3drocks\hw6\debug\link.3912-cvtres.write.1.tlog
c:\users\henry\team3drocks\hw6\debug\link.3912.read.1.tlog
c:\users\henry\team3drocks\hw6\debug\link.3912.write.1.tlog
c:\users\henry\team3drocks\hw6\debug\link.4772-cvtres.read.1.tlog
c:\users\henry\team3drocks\hw6\debug\link.4772-cvtres.write.1.tlog
c:\users\henry\team3drocks\hw6\debug\link.4772.read.1.tlog
c:\users\henry\team3drocks\hw6\debug\link.4772.write.1.tlog
c:\users\henry\team3drocks\hw6\debug\link.4820-cvtres.read.1.tlog
c:\users\henry\team3drocks\hw6\debug\link.4820-cvtres.write.1.tlog
c:\users\henry\team3drocks\hw6\debug\link.4820.read.1.tlog
c:\users\henry\team3drocks\hw6\debug\link.4820.write.1.tlog
c:\users\henry\team3drocks\hw6\debug\link.4824-cvtres.read.1.tlog
c:\users\henry\team3drocks\hw6\debug\link.4824-cvtres.write.1.tlog
c:\users\henry\team3drocks\hw6\debug\link.4824.read.1.tlog
c:\users\henry\team3drocks\hw6\debug\link.4824.write.1.tlog
c:\users\henry\team3drocks\hw6\debug\link.4852-cvtres.read.1.tlog
c:\users\henry\team3drocks\hw6\debug\link.4852-cvtres.write.1.tlog
c:\users\henry\team3drocks\hw6\debug\link.4852.read.1.tlog
c:\users\henry\team3drocks\hw6\debug\link.4852.write.1.tlog
c:\users\henry\team3drocks\hw6\debug\link.5188-cvtres.read.1.tlog
c:\users\henry\team3drocks\hw6\debug\link.5188-cvtres.write.1.tlog
c:\users\henry\team3drocks\hw6\debug\link.5188.read.1.tlog
c:\users\henry\team3drocks\hw6\debug\link.5188.write.1.tlog
c:\users\henry\team3drocks\hw6\debug\link.5504-cvtres.read.1.tlog
c:\users\henry\team3drocks\hw6\debug\link.5504-cvtres.write.1.tlog
c:\users\henry\team3drocks\hw6\debug\link.5504.read.1.tlog
c:\users\henry\team3drocks\hw6\debug\link.5504.write.1.tlog
c:\users\henry\team3drocks\hw6\debug\link.5936-cvtres.read.1.tlog
c:\users\henry\team3drocks\hw6\debug\link.5936-cvtres.write.1.tlog
c:\users\henry\team3drocks\hw6\debug\link.5936.read.1.tlog
c:\users\henry\team3drocks\hw6\debug\link.5936.write.1.tlog
c:\users\henry\team3drocks\hw6\debug\link.command.1.tlog
c:\users\henry\team3drocks\hw6\debug\link.read.1.tlog
c:\users\henry\team3drocks\hw6\debug\link.write.1.tlog
c:\users\henry\team3drocks\hw6\debug\mt.command.1.tlog
c:\users\henry\team3drocks\hw6\debug\mt.read.1.tlog
c:\users\henry\team3drocks\hw6\debug\mt.write.1.tlog
c:\users\henry\team3drocks\hw6\debug\rc.command.1.tlog
c:\users\henry\team3drocks\hw6\debug\rc.read.1.tlog
c:\users\henry\team3drocks\hw6\debug\rc.write.1.tlog
c:\users\henry\team3drocks\hw6\debug\cs580hw5.exe.embed.manifest
c:\users\henry\team3drocks\hw6\debug\cs580hw5.exe.intermediate.manifest
c:\users\henry\team3drocks\hw6\debug\cs580hw5.exe.embed.manifest.res
c:\users\henry\team3drocks\hw6\debug\cs580hw5.exp
c:\users\henry\team3drocks\hw6\debug\vc100.idb
c:\users\henry\team3drocks\hw6\debug\vc100.pdb
c:\users\henry\team3drocks\hw6\debug\cs580hw5_manifest.rc
c:\users\henry\team3drocks\hw6\debug\cs580hw5.bsc
c:\users\henry\team3drocks\hw6\.\debug\cs580hw5.exe.intermediate.manifest
c:\users\henry\team3drocks\hw6\debug\cs580hw5.tlog\cl.command.1.tlog
c:\users\henry\team3drocks\hw6\debug\cs580hw5.tlog\cl.read.1.tlog
c:\users\henry\team3drocks\hw6\debug\cs580hw5.tlog\cl.write.1.tlog
c:\users\henry\team3drocks\hw6\debug\cs580hw5.tlog\link-cvtres.read.1.tlog
c:\users\henry\team3drocks\hw6\debug\cs580hw5.tlog\link-cvtres.write.1.tlog
c:\users\henry\team3drocks\hw6\debug\cs580hw5.tlog\link-mt.read.1.tlog
c:\users\henry\team3drocks\hw6\debug\cs580hw5.tlog\link-mt.write.1.tlog
c:\users\henry\team3drocks\hw6\debug\cs580hw5.tlog\link-rc.read.1.tlog
c:\users\henry\team3drocks\hw6\debug\cs580hw5.tlog\link-rc.write.1.tlog
c:\users\henry\team3drocks\hw6\debug\cs580hw5.tlog\link.command.1.tlog
c:\users\henry\team3drocks\hw6\debug\cs580hw5.tlog\link.read.1.tlog
c:\users\henry\team3drocks\hw6\debug\cs580hw5.tlog\link.write.1.tlog
c:\users\henry\team3drocks\hw6\debug\cs580hw5.tlog\rc.command.1.tlog
c:\users\henry\team3drocks\hw6\debug\cs580hw5.tlog\rc.read.1.tlog
c:\users\henry\team3drocks\hw6\debug\cs580hw5.tlog\rc.write.1.tlog
