Build started 23/11/2014 18:49:30.
Project "C:\Users\Administrator\Desktop\3DRender\Final Project\HW6\CS580HW5.vcxproj" on node 2 (build target(s)).
InitializeBuildStatus:
  Creating ".\Debug\CS580HW5.unsuccessfulbuild" because "AlwaysCreate" was specified.
ClCompile:
  All outputs are up-to-date.
  C:\Program Files\Microsoft Visual Studio 10.0\VC\bin\CL.exe /c /ZI /nologo /W3 /WX- /Od /Oy- /D WIN32 /D _DEBUG /D _WINDOWS /D _VC80_UPGRADE=0x0600 /D _MBCS /D _AFXDLL /Gm /EHsc /RTC1 /MDd /GS /Gy- /fp:precise /Zc:wchar_t /Zc:forScope /Yu"stdafx.h" /Fp".\Debug\CS580HW5.pch" /Fo".\Debug\\" /Fd".\Debug\vc100.pdb" /FR".\Debug\\" /Gd /TP /analyze- /errorReport:prompt Application5.cpp
  Application5.cpp
c:\users\administrator\desktop\3drender\final project\hw6\application5.cpp(47): warning C4305: 'initializing' : truncation from 'double' to 'float'
c:\users\administrator\desktop\3drender\final project\hw6\application5.cpp(47): warning C4305: 'initializing' : truncation from 'double' to 'float'
c:\users\administrator\desktop\3drender\final project\hw6\application5.cpp(47): warning C4305: 'initializing' : truncation from 'double' to 'float'
c:\users\administrator\desktop\3drender\final project\hw6\application5.cpp(48): warning C4305: 'initializing' : truncation from 'double' to 'float'
c:\users\administrator\desktop\3drender\final project\hw6\application5.cpp(48): warning C4305: 'initializing' : truncation from 'double' to 'float'
c:\users\administrator\desktop\3drender\final project\hw6\application5.cpp(48): warning C4305: 'initializing' : truncation from 'double' to 'float'
c:\users\administrator\desktop\3drender\final project\hw6\application5.cpp(49): warning C4305: 'initializing' : truncation from 'double' to 'float'
c:\users\administrator\desktop\3drender\final project\hw6\application5.cpp(49): warning C4305: 'initializing' : truncation from 'double' to 'float'
c:\users\administrator\desktop\3drender\final project\hw6\application5.cpp(49): warning C4305: 'initializing' : truncation from 'double' to 'float'
c:\users\administrator\desktop\3drender\final project\hw6\application5.cpp(50): warning C4305: 'initializing' : truncation from 'double' to 'float'
c:\users\administrator\desktop\3drender\final project\hw6\application5.cpp(50): warning C4305: 'initializing' : truncation from 'double' to 'float'
c:\users\administrator\desktop\3drender\final project\hw6\application5.cpp(50): warning C4305: 'initializing' : truncation from 'double' to 'float'
c:\users\administrator\desktop\3drender\final project\hw6\application5.cpp(51): warning C4305: 'initializing' : truncation from 'double' to 'float'
c:\users\administrator\desktop\3drender\final project\hw6\application5.cpp(51): warning C4305: 'initializing' : truncation from 'double' to 'float'
c:\users\administrator\desktop\3drender\final project\hw6\application5.cpp(51): warning C4305: 'initializing' : truncation from 'double' to 'float'
c:\users\administrator\desktop\3drender\final project\hw6\application5.cpp(52): warning C4305: 'initializing' : truncation from 'double' to 'float'
c:\users\administrator\desktop\3drender\final project\hw6\application5.cpp(52): warning C4305: 'initializing' : truncation from 'double' to 'float'
c:\users\administrator\desktop\3drender\final project\hw6\application5.cpp(53): warning C4305: 'initializing' : truncation from 'double' to 'float'
c:\users\administrator\desktop\3drender\final project\hw6\application5.cpp(156): warning C4305: 'initializing' : truncation from 'double' to 'float'
c:\users\administrator\desktop\3drender\final project\hw6\application5.cpp(156): warning C4305: 'initializing' : truncation from 'double' to 'float'
c:\users\administrator\desktop\3drender\final project\hw6\application5.cpp(157): warning C4305: 'initializing' : truncation from 'double' to 'float'
c:\users\administrator\desktop\3drender\final project\hw6\application5.cpp(157): warning C4305: 'initializing' : truncation from 'double' to 'float'
c:\users\administrator\desktop\3drender\final project\hw6\application5.cpp(163): warning C4305: 'initializing' : truncation from 'double' to 'float'
c:\users\administrator\desktop\3drender\final project\hw6\application5.cpp(165): warning C4305: 'initializing' : truncation from 'double' to 'float'
c:\users\administrator\desktop\3drender\final project\hw6\application5.cpp(182): warning C4305: '=' : truncation from 'double' to 'float'
c:\users\administrator\desktop\3drender\final project\hw6\application5.cpp(205): warning C4305: 'initializing' : truncation from 'double' to 'float'
c:\users\administrator\desktop\3drender\final project\hw6\application5.cpp(205): warning C4305: 'initializing' : truncation from 'double' to 'float'
c:\users\administrator\desktop\3drender\final project\hw6\application5.cpp(205): warning C4305: 'initializing' : truncation from 'double' to 'float'
c:\users\administrator\desktop\3drender\final project\hw6\application5.cpp(206): warning C4305: 'initializing' : truncation from 'double' to 'float'
c:\users\administrator\desktop\3drender\final project\hw6\application5.cpp(206): warning C4305: 'initializing' : truncation from 'double' to 'float'
c:\users\administrator\desktop\3drender\final project\hw6\application5.cpp(206): warning C4305: 'initializing' : truncation from 'double' to 'float'
c:\users\administrator\desktop\3drender\final project\hw6\application5.cpp(206): warning C4305: 'initializing' : truncation from 'double' to 'float'
c:\users\administrator\desktop\3drender\final project\hw6\application5.cpp(206): warning C4305: 'initializing' : truncation from 'double' to 'float'
c:\users\administrator\desktop\3drender\final project\hw6\application5.cpp(207): warning C4305: 'initializing' : truncation from 'double' to 'float'
c:\users\administrator\desktop\3drender\final project\hw6\application5.cpp(207): warning C4305: 'initializing' : truncation from 'double' to 'float'
c:\users\administrator\desktop\3drender\final project\hw6\application5.cpp(207): warning C4305: 'initializing' : truncation from 'double' to 'float'
c:\users\administrator\desktop\3drender\final project\hw6\application5.cpp(207): warning C4305: 'initializing' : truncation from 'double' to 'float'
c:\users\administrator\desktop\3drender\final project\hw6\application5.cpp(207): warning C4305: 'initializing' : truncation from 'double' to 'float'
c:\users\administrator\desktop\3drender\final project\hw6\application5.cpp(208): warning C4305: 'initializing' : truncation from 'double' to 'float'
c:\users\administrator\desktop\3drender\final project\hw6\application5.cpp(208): warning C4305: 'initializing' : truncation from 'double' to 'float'
c:\users\administrator\desktop\3drender\final project\hw6\application5.cpp(208): warning C4305: 'initializing' : truncation from 'double' to 'float'
c:\users\administrator\desktop\3drender\final project\hw6\application5.cpp(211): warning C4305: 'initializing' : truncation from 'double' to 'float'
c:\users\administrator\desktop\3drender\final project\hw6\application5.cpp(211): warning C4305: 'initializing' : truncation from 'double' to 'float'
c:\users\administrator\desktop\3drender\final project\hw6\application5.cpp(211): warning C4305: 'initializing' : truncation from 'double' to 'float'
c:\users\administrator\desktop\3drender\final project\hw6\application5.cpp(212): warning C4305: 'initializing' : truncation from 'double' to 'float'
c:\users\administrator\desktop\3drender\final project\hw6\application5.cpp(212): warning C4305: 'initializing' : truncation from 'double' to 'float'
c:\users\administrator\desktop\3drender\final project\hw6\application5.cpp(212): warning C4305: 'initializing' : truncation from 'double' to 'float'
c:\users\administrator\desktop\3drender\final project\hw6\application5.cpp(213): warning C4305: 'initializing' : truncation from 'double' to 'float'
c:\users\administrator\desktop\3drender\final project\hw6\application5.cpp(213): warning C4305: 'initializing' : truncation from 'double' to 'float'
c:\users\administrator\desktop\3drender\final project\hw6\application5.cpp(213): warning C4305: 'initializing' : truncation from 'double' to 'float'
c:\users\administrator\desktop\3drender\final project\hw6\application5.cpp(90): warning C4101: 'shaderType' : unreferenced local variable
c:\users\administrator\desktop\3drender\final project\hw6\application5.cpp(96): warning C4101: 'j' : unreferenced local variable
c:\users\administrator\desktop\3drender\final project\hw6\application5.cpp(401): warning C4305: '=' : truncation from 'double' to 'float'
c:\users\administrator\desktop\3drender\final project\hw6\application5.cpp(403): warning C4305: '=' : truncation from 'double' to 'float'
c:\users\administrator\desktop\3drender\final project\hw6\application5.cpp(480): warning C4996: 'fopen': This function or variable may be unsafe. Consider using fopen_s instead. To disable deprecation, use _CRT_SECURE_NO_WARNINGS. See online help for details.
          c:\program files\microsoft visual studio 10.0\vc\include\stdio.h(234) : see declaration of 'fopen'
c:\users\administrator\desktop\3drender\final project\hw6\application5.cpp(487): warning C4996: 'fopen': This function or variable may be unsafe. Consider using fopen_s instead. To disable deprecation, use _CRT_SECURE_NO_WARNINGS. See online help for details.
          c:\program files\microsoft visual studio 10.0\vc\include\stdio.h(234) : see declaration of 'fopen'
c:\users\administrator\desktop\3drender\final project\hw6\application5.cpp(498): warning C4996: 'fscanf': This function or variable may be unsafe. Consider using fscanf_s instead. To disable deprecation, use _CRT_SECURE_NO_WARNINGS. See online help for details.
          c:\program files\microsoft visual studio 10.0\vc\include\stdio.h(253) : see declaration of 'fscanf'
c:\users\administrator\desktop\3drender\final project\hw6\application5.cpp(504): warning C4996: 'fscanf': This function or variable may be unsafe. Consider using fscanf_s instead. To disable deprecation, use _CRT_SECURE_NO_WARNINGS. See online help for details.
          c:\program files\microsoft visual studio 10.0\vc\include\stdio.h(253) : see declaration of 'fscanf'
c:\users\administrator\desktop\3drender\final project\hw6\application5.cpp(510): warning C4996: 'fscanf': This function or variable may be unsafe. Consider using fscanf_s instead. To disable deprecation, use _CRT_SECURE_NO_WARNINGS. See online help for details.
          c:\program files\microsoft visual studio 10.0\vc\include\stdio.h(253) : see declaration of 'fscanf'
c:\users\administrator\desktop\3drender\final project\hw6\application5.cpp(516): warning C4996: 'fscanf': This function or variable may be unsafe. Consider using fscanf_s instead. To disable deprecation, use _CRT_SECURE_NO_WARNINGS. See online help for details.
          c:\program files\microsoft visual studio 10.0\vc\include\stdio.h(253) : see declaration of 'fscanf'
c:\users\administrator\desktop\3drender\final project\hw6\application5.cpp(554): warning C4244: '=' : conversion from 'float' to 'GzIntensity', possible loss of data
c:\users\administrator\desktop\3drender\final project\hw6\application5.cpp(555): warning C4244: '=' : conversion from 'float' to 'GzIntensity', possible loss of data
c:\users\administrator\desktop\3drender\final project\hw6\application5.cpp(556): warning C4244: '=' : conversion from 'float' to 'GzIntensity', possible loss of data
ResourceCompile:
  All outputs are up-to-date.
ManifestResourceCompile:
  All outputs are up-to-date.
Link:
  C:\Program Files\Microsoft Visual Studio 10.0\VC\bin\link.exe /ERRORREPORT:PROMPT /OUT:".\Debug\CS580HW5.exe" /INCREMENTAL /NOLOGO /MANIFEST /ManifestFile:".\Debug\CS580HW5.exe.intermediate.manifest" /MANIFESTUAC:"level='asInvoker' uiAccess='false'" /DEBUG /PDB:"C:\Users\Administrator\Desktop\3DRender\Final Project\HW6\Debug\CS580HW5.pdb" /SUBSYSTEM:WINDOWS /TLBID:1 /DYNAMICBASE /NXCOMPAT /IMPLIB:".\Debug\CS580HW5.lib" /MACHINE:X86 .\Debug\CS580HW.res
  .\Debug\CS580HW5.exe.embed.manifest.res
  .\Debug\Application.obj
  .\Debug\Application5.obj
  .\Debug\CS580HW.obj
  .\Debug\CS580HWDoc.obj
  .\Debug\CS580HWView.obj
  .\Debug\disp.obj
  .\Debug\MainFrm.obj
  .\Debug\OBJParser.obj
  .\Debug\Position3.obj
  .\Debug\rend.obj
  .\Debug\RotateDlg.obj
  .\Debug\ScaleDlg.obj
  .\Debug\StdAfx.obj
  .\Debug\tex_fun.obj
  .\Debug\TranslateDlg.obj
Manifest:
  C:\Program Files\Microsoft SDKs\Windows\v7.0A\bin\mt.exe /nologo /verbose /out:".\Debug\CS580HW5.exe.embed.manifest" /manifest .\Debug\CS580HW5.exe.intermediate.manifest "C:\Program Files\Microsoft Visual Studio 10.0\VC\Include\Manifest\dpiaware.manifest"
  All outputs are up-to-date.
LinkEmbedManifest:
  All outputs are up-to-date.
  CS580HW5.vcxproj -> C:\Users\Administrator\Desktop\3DRender\Final Project\HW6\.\Debug\CS580HW5.exe
BscMake:
  C:\Program Files\Microsoft Visual Studio 10.0\VC\bin\bscmake.exe /nologo /o".\Debug\CS580HW5.bsc" .\Debug\Application.sbr .\Debug\Application5.sbr .\Debug\CS580HW.sbr .\Debug\CS580HWDoc.sbr .\Debug\CS580HWView.sbr .\Debug\disp.sbr .\Debug\MainFrm.sbr .\Debug\OBJParser.sbr .\Debug\Position3.sbr .\Debug\rend.sbr .\Debug\RotateDlg.sbr .\Debug\ScaleDlg.sbr .\Debug\StdAfx.sbr .\Debug\tex_fun.sbr .\Debug\TranslateDlg.sbr
FinalizeBuildStatus:
  Deleting file ".\Debug\CS580HW5.unsuccessfulbuild".
  Touching ".\Debug\CS580HW5.lastbuildstate".
Done Building Project "C:\Users\Administrator\Desktop\3DRender\Final Project\HW6\CS580HW5.vcxproj" (build target(s)).

Build succeeded.

Time Elapsed 00:00:04.35
